#
# A fatal error has been detected by the Java Runtime Environment:
#
#  SIGSEGV (0xb) at pc=0xb592cd13, pid=2901, tid=2969152368
#
# JRE version: 6.0_20-b20
# Java VM: OpenJDK Client VM (17.0-b16 mixed mode, sharing linux-x86 )
# Derivative: IcedTea6 1.9.1
# Distribution: Ubuntu 10.10, package 6b20-1.9.1-1ubuntu3
# Problematic frame:
# J  org.eclipse.jdt.internal.compiler.codegen.CodeStream.exitUserScope(Lorg/eclipse/jdt/internal/compiler/lookup/BlockScope;)V
#
# If you would like to submit a bug report, please include
# instructions how to reproduce the bug and visit:
#   https://bugs.launchpad.net/ubuntu/+source/openjdk-6/
#

---------------  T H R E A D  ---------------

Current thread (0xb4d5ec00):  JavaThread "Compiler Processing Task" daemon [_thread_in_Java, id=2983, stack(0xb0f4a000,0xb0f9b000)]

siginfo:si_signo=SIGSEGV: si_errno=0, si_code=128 (), si_addr=0x00000000

Registers:
EAX=0x00000000, EBX=0x0000000e, ECX=0x6bd10740, EDX=0x0000000e
ESP=0xb0f998a0, EBP=0xb0f998c8, ESI=0x00000000, EDI=0x6bd10740
EIP=0xb592cd13, CR2=0xb7859d80, EFLAGS=0x00010202

Top of Stack: (sp=0xb0f998a0)
0xb0f998a0:   74a32b18 b0f998a4 86073881 b0f998cc
0xb0f998b0:   74a32b18 00000000 6bd105d0 00000000
0xb0f998c0:   b0f998d0 b0f99928 b0f99928 b596913c
0xb0f998d0:   74a32b18 0000001d 74a12f18 b0f998dc
0xb0f998e0:   84f593cd b0f99944 85ecf3a0 00000000
0xb0f998f0:   74a12f18 6bcf8420 00000062 00000064
0xb0f99900:   00000000 74a32b18 6bd10740 00000000
0xb0f99910:   00000001 00000000 00000001 00000002 

Instructions: (pc=0xb592cd13)
0xb592cd03:   19 00 00 00 89 74 24 14 8b 59 40 8b d3 8b cf 90
0xb592cd13:   e8 e8 cc 08 00 8b 74 24 14 8b 4c 24 10 8b 79 7c 

Stack: [0xb0f4a000,0xb0f9b000],  sp=0xb0f998a0,  free space=13eb0f99300k
Native frames: (J=compiled Java code, j=interpreted, Vv=VM code, C=native code)
J  org.eclipse.jdt.internal.compiler.codegen.CodeStream.exitUserScope(Lorg/eclipse/jdt/internal/compiler/lookup/BlockScope;)V
J  org.eclipse.jdt.internal.compiler.ast.AbstractMethodDeclaration.generateCode(Lorg/eclipse/jdt/internal/compiler/ClassFile;)V
j  org.eclipse.jdt.internal.compiler.ast.AbstractMethodDeclaration.generateCode(Lorg/eclipse/jdt/internal/compiler/lookup/ClassScope;Lorg/eclipse/jdt/internal/compiler/ClassFile;)V+81
j  org.eclipse.jdt.internal.compiler.ast.TypeDeclaration.generateCode(Lorg/eclipse/jdt/internal/compiler/ClassFile;)V+271
j  org.eclipse.jdt.internal.compiler.ast.TypeDeclaration.generateCode(Lorg/eclipse/jdt/internal/compiler/lookup/BlockScope;Lorg/eclipse/jdt/internal/compiler/codegen/CodeStream;)V+123
j  org.eclipse.jdt.internal.compiler.ast.QualifiedAllocationExpression.generateCode(Lorg/eclipse/jdt/internal/compiler/lookup/BlockScope;Lorg/eclipse/jdt/internal/compiler/codegen/CodeStream;Z)V+330
J  org.eclipse.jdt.internal.compiler.ast.Statement.generateArguments(Lorg/eclipse/jdt/internal/compiler/lookup/MethodBinding;[Lorg/eclipse/jdt/internal/compiler/ast/Expression;Lorg/eclipse/jdt/internal/compiler/lookup/BlockScope;Lorg/eclipse/jdt/internal/compiler/codegen/CodeStream;)V
J  org.eclipse.jdt.internal.compiler.ast.MessageSend.generateCode(Lorg/eclipse/jdt/internal/compiler/lookup/BlockScope;Lorg/eclipse/jdt/internal/compiler/codegen/CodeStream;Z)V
J  org.eclipse.jdt.internal.compiler.ast.Expression.generateCode(Lorg/eclipse/jdt/internal/compiler/lookup/BlockScope;Lorg/eclipse/jdt/internal/compiler/codegen/CodeStream;)V
J  org.eclipse.jdt.internal.compiler.ast.AbstractMethodDeclaration.generateCode(Lorg/eclipse/jdt/internal/compiler/ClassFile;)V
j  org.eclipse.jdt.internal.compiler.ast.AbstractMethodDeclaration.generateCode(Lorg/eclipse/jdt/internal/compiler/lookup/ClassScope;Lorg/eclipse/jdt/internal/compiler/ClassFile;)V+81
j  org.eclipse.jdt.internal.compiler.ast.TypeDeclaration.generateCode(Lorg/eclipse/jdt/internal/compiler/ClassFile;)V+271
j  org.eclipse.jdt.internal.compiler.ast.TypeDeclaration.generateCode(Lorg/eclipse/jdt/internal/compiler/lookup/CompilationUnitScope;)V+2
j  org.eclipse.jdt.internal.compiler.ast.CompilationUnitDeclaration.generateCode()V+85
j  org.eclipse.jdt.internal.compiler.Compiler.process(Lorg/eclipse/jdt/internal/compiler/ast/CompilationUnitDeclaration;I)V+149
j  org.eclipse.jdt.internal.compiler.ProcessTaskManager.run()V+182
j  java.lang.Thread.run()V+11
v  ~StubRoutines::call_stub
V  [libjvm.so+0x1f2335]
V  [libjvm.so+0x2eda29]
V  [libjvm.so+0x1f122f]
V  [libjvm.so+0x1f170a]
V  [libjvm.so+0x1f189a]
V  [libjvm.so+0x2436e0]
V  [libjvm.so+0x39a0ac]
V  [libjvm.so+0x39a16a]
V  [libjvm.so+0x2f3e11]
C  [libpthread.so.0+0x5cc9]


---------------  P R O C E S S  ---------------

Java Threads: ( => current thread )
  0xb4422000 JavaThread "Thread-5" daemon [_thread_in_vm, id=2986, stack(0xb0ea8000,0xb0ef9000)]
=>0xb4d5ec00 JavaThread "Compiler Processing Task" daemon [_thread_in_Java, id=2983, stack(0xb0f4a000,0xb0f9b000)]
  0x09779400 JavaThread "[ThreadPool Manager] - Idle Thread" daemon [_thread_blocked, id=2976, stack(0xb39af000,0xb3a00000)]
  0xb44d3000 JavaThread "Bundle File Closer" daemon [_thread_blocked, id=2975, stack(0xb3d0d000,0xb3d5e000)]
  0x09511800 JavaThread "Worker-5" [_thread_blocked, id=2974, stack(0xb3d5e000,0xb3daf000)]
  0x095b6800 JavaThread "Worker-4" [_thread_blocked, id=2973, stack(0xb3daf000,0xb3e00000)]
  0x09328400 JavaThread "Worker-3" [_thread_blocked, id=2972, stack(0xb3f43000,0xb3f94000)]
  0x095cc000 JavaThread "Worker-2" [_thread_blocked, id=2971, stack(0xb45ae000,0xb45ff000)]
  0xb44a0c00 JavaThread "Worker-1" [_thread_blocked, id=2970, stack(0xb45ff000,0xb4650000)]
  0x09747000 JavaThread "org.eclipse.jdt.internal.ui.text.JavaReconciler" daemon [_thread_in_vm, id=2933, stack(0xb409d000,0xb40ee000)]
  0x09390800 JavaThread "Java indexing" daemon [_thread_blocked, id=2932, stack(0xb431d000,0xb436e000)]
  0x09556400 JavaThread "Worker-0" [_thread_blocked, id=2929, stack(0xb4a69000,0xb4aba000)]
  0x09424800 JavaThread "Worker-JM" [_thread_blocked, id=2928, stack(0xb49c7000,0xb4a18000)]
  0x093b6c00 JavaThread "[Timer] - Main Queue Handler" daemon [_thread_blocked, id=2927, stack(0xb4a18000,0xb4a69000)]
  0x093b6400 JavaThread "Framework Event Dispatcher" daemon [_thread_blocked, id=2925, stack(0xb4aba000,0xb4b0b000)]
  0xb4d51c00 JavaThread "Start Level Event Dispatcher" daemon [_thread_blocked, id=2924, stack(0xb4b0b000,0xb4b5c000)]
  0xb4d75000 JavaThread "State Data Manager" daemon [_thread_blocked, id=2923, stack(0xb4b5c000,0xb4bad000)]
  0xb4d00c00 JavaThread "Low Memory Detector" daemon [_thread_blocked, id=2921, stack(0xb4c2e000,0xb4c7f000)]
  0x09324400 JavaThread "CompilerThread0" daemon [_thread_blocked, id=2920, stack(0xb4c7f000,0xb4d00000)]
  0x09322800 JavaThread "Signal Dispatcher" daemon [_thread_blocked, id=2919, stack(0xb4e42000,0xb4e93000)]
  0x0931e800 JavaThread "Finalizer" daemon [_thread_blocked, id=2918, stack(0xb4e93000,0xb4ee4000)]
  0x09319c00 JavaThread "Reference Handler" daemon [_thread_blocked, id=2917, stack(0xb4ee4000,0xb4f35000)]
  0x092eb800 JavaThread "main" [_thread_blocked, id=2901, stack(0xbf7dc000,0xbf82c000)]

Other Threads:
  0x09318400 VMThread [stack: 0xb4f35000,0xb4fb6000] [id=2916]
  0xb4d03400 WatcherThread [stack: 0xb4bad000,0xb4c2e000] [id=2922]

VM state:synchronizing (normal execution)

VM Mutex/Monitor currently owned by a thread:  ([mutex/lock_event])
[0x092ea5a8] Safepoint_lock - owner thread: 0x09318400
[0x092ea610] Threads_lock - owner thread: 0x09318400

Heap
 def new generation   total 13056K, used 6480K [0x6b820000, 0x6c640000, 0x73820000)
  eden space 11648K,  44% used [0x6b820000, 0x6bd2cdd0, 0x6c380000)
  from space 1408K,  92% used [0x6c4e0000, 0x6c6272e0, 0x6c640000)
  to   space 1408K,   0% used [0x6c380000, 0x6c380000, 0x6c4e0000)
 tenured generation   total 28804K, used 24781K [0x73820000, 0x75441000, 0x83820000)
   the space 28804K,  86% used [0x73820000, 0x75053498, 0x75053600, 0x75441000)
 compacting perm gen  total 41728K, used 41691K [0x83820000, 0x860e0000, 0x93820000)
   the space 41728K,  99% used [0x83820000, 0x860d6d00, 0x860d6e00, 0x860e0000)
    ro space 10240K,  73% used [0x93820000, 0x93f76b88, 0x93f76c00, 0x94220000)
    rw space 12288K,  60% used [0x94220000, 0x9495f350, 0x9495f400, 0x94e20000)

Dynamic libraries:
00110000-0011a000 r-xp 00000000 08:03 788780     /usr/lib/libpangocairo-1.0.so.0.2800.1
0011a000-0011b000 r--p 00009000 08:03 788780     /usr/lib/libpangocairo-1.0.so.0.2800.1
0011b000-0011c000 rw-p 0000a000 08:03 788780     /usr/lib/libpangocairo-1.0.so.0.2800.1
0011c000-0015b000 r-xp 00000000 08:03 788778     /usr/lib/libpango-1.0.so.0.2800.1
0015b000-0015c000 ---p 0003f000 08:03 788778     /usr/lib/libpango-1.0.so.0.2800.1
0015c000-0015d000 r--p 0003f000 08:03 788778     /usr/lib/libpango-1.0.so.0.2800.1
0015d000-0015e000 rw-p 00040000 08:03 788778     /usr/lib/libpango-1.0.so.0.2800.1
0015e000-00181000 r-xp 00000000 08:03 6291605    /lib/libpng12.so.0.44.0
00181000-00182000 r--p 00022000 08:03 6291605    /lib/libpng12.so.0.44.0
00182000-00183000 rw-p 00023000 08:03 6291605    /lib/libpng12.so.0.44.0
00183000-00185000 r-xp 00000000 08:03 788443     /usr/lib/libgmodule-2.0.so.0.2600.0
00185000-00186000 r--p 00002000 08:03 788443     /usr/lib/libgmodule-2.0.so.0.2600.0
00186000-00187000 rw-p 00003000 08:03 788443     /usr/lib/libgmodule-2.0.so.0.2600.0
00187000-00195000 r-xp 00000000 08:03 788121     /usr/lib/libXext.so.6.4.0
00195000-00196000 r--p 0000d000 08:03 788121     /usr/lib/libXext.so.6.4.0
00196000-00197000 rw-p 0000e000 08:03 788121     /usr/lib/libXext.so.6.4.0
00197000-001a3000 r-xp 00000000 08:03 788129     /usr/lib/libXi.so.6.1.0
001a3000-001a4000 r--p 0000b000 08:03 788129     /usr/lib/libXi.so.6.1.0
001a4000-001a5000 rw-p 0000c000 08:03 788129     /usr/lib/libXi.so.6.1.0
001a5000-001ab000 r-xp 00000000 08:03 788141     /usr/lib/libXrandr.so.2.2.0
001ab000-001ac000 r--p 00005000 08:03 788141     /usr/lib/libXrandr.so.2.2.0
001ac000-001ad000 rw-p 00006000 08:03 788141     /usr/lib/libXrandr.so.2.2.0
001ad000-001b5000 r-xp 00000000 08:03 788115     /usr/lib/libXcursor.so.1.0.2
001b5000-001b6000 r--p 00007000 08:03 788115     /usr/lib/libXcursor.so.1.0.2
001b6000-001b7000 rw-p 00008000 08:03 788115     /usr/lib/libXcursor.so.1.0.2
001b7000-001bb000 r-xp 00000000 08:03 788123     /usr/lib/libXfixes.so.3.1.0
001bb000-001bc000 r--p 00003000 08:03 788123     /usr/lib/libXfixes.so.3.1.0
001bc000-001bd000 rw-p 00004000 08:03 788123     /usr/lib/libXfixes.so.3.1.0
001bd000-001e1000 r-xp 00000000 08:03 788782     /usr/lib/libpangoft2-1.0.so.0.2800.1
001e1000-001e2000 r--p 00023000 08:03 788782     /usr/lib/libpangoft2-1.0.so.0.2800.1
001e2000-001e3000 rw-p 00024000 08:03 788782     /usr/lib/libpangoft2-1.0.so.0.2800.1
001e3000-001f6000 r-xp 00000000 08:03 6291650    /lib/libz.so.1.2.3.4
001f6000-001f7000 r--p 00012000 08:03 6291650    /lib/libz.so.1.2.3.4
001f7000-001f8000 rw-p 00013000 08:03 6291650    /lib/libz.so.1.2.3.4
001f8000-00208000 r-xp 00000000 08:03 6291609    /lib/libresolv-2.12.1.so
00208000-00209000 r--p 00010000 08:03 6291609    /lib/libresolv-2.12.1.so
00209000-0020a000 rw-p 00011000 08:03 6291609    /lib/libresolv-2.12.1.so
0020a000-0020c000 rw-p 00000000 00:00 0 
0020c000-00226000 r-xp 00000000 08:03 6291617    /lib/libselinux.so.1
00226000-00227000 r--p 00019000 08:03 6291617    /lib/libselinux.so.1
00227000-00228000 rw-p 0001a000 08:03 6291617    /lib/libselinux.so.1
00228000-0024c000 r-xp 00000000 08:03 6291528    /lib/libexpat.so.1.5.2
0024c000-0024e000 r--p 00024000 08:03 6291528    /lib/libexpat.so.1.5.2
0024e000-0024f000 rw-p 00026000 08:03 6291528    /lib/libexpat.so.1.5.2
0024f000-00251000 r-xp 00000000 08:03 789031     /usr/lib/libxcb-shm.so.0.0.0
00251000-00252000 r--p 00001000 08:03 789031     /usr/lib/libxcb-shm.so.0.0.0
00252000-00253000 rw-p 00002000 08:03 789031     /usr/lib/libxcb-shm.so.0.0.0
00253000-00259000 r-xp 00000000 08:03 789029     /usr/lib/libxcb-render.so.0.0.0
00259000-0025a000 r--p 00005000 08:03 789029     /usr/lib/libxcb-render.so.0.0.0
0025a000-0025b000 rw-p 00006000 08:03 789029     /usr/lib/libxcb-render.so.0.0.0
0025b000-0025f000 r-xp 00000000 08:03 788119     /usr/lib/libXdmcp.so.6.0.0
0025f000-00260000 r--p 00003000 08:03 788119     /usr/lib/libXdmcp.so.6.0.0
00260000-00261000 rw-p 00004000 08:03 788119     /usr/lib/libXdmcp.so.6.0.0
00261000-00265000 r-xp 00000000 08:03 788232     /usr/lib/libcanberra-gtk.so.0.1.6
00265000-00266000 r--p 00003000 08:03 788232     /usr/lib/libcanberra-gtk.so.0.1.6
00266000-00267000 rw-p 00004000 08:03 788232     /usr/lib/libcanberra-gtk.so.0.1.6
00268000-00284000 r-xp 00000000 08:03 6291550    /lib/ld-2.12.1.so
00284000-00285000 r--p 0001b000 08:03 6291550    /lib/ld-2.12.1.so
00285000-00286000 rw-p 0001c000 08:03 6291550    /lib/ld-2.12.1.so
00286000-003dd000 r-xp 00000000 08:03 6291943    /lib/libc-2.12.1.so
003dd000-003de000 ---p 00157000 08:03 6291943    /lib/libc-2.12.1.so
003de000-003e0000 r--p 00157000 08:03 6291943    /lib/libc-2.12.1.so
003e0000-003e1000 rw-p 00159000 08:03 6291943    /lib/libc-2.12.1.so
003e1000-003e4000 rw-p 00000000 00:00 0 
003e4000-004cc000 r-xp 00000000 08:03 788425     /usr/lib/libgio-2.0.so.0.2600.0
004cc000-004ce000 r--p 000e7000 08:03 788425     /usr/lib/libgio-2.0.so.0.2600.0
004ce000-004cf000 rw-p 000e9000 08:03 788425     /usr/lib/libgio-2.0.so.0.2600.0
004cf000-004d0000 rw-p 00000000 00:00 0 
004d0000-004d5000 r-xp 00000000 08:03 788760     /usr/lib/libogg.so.0.7.0
004d5000-004d6000 r--p 00004000 08:03 788760     /usr/lib/libogg.so.0.7.0
004d6000-004d7000 rw-p 00005000 08:03 788760     /usr/lib/libogg.so.0.7.0
004d8000-004da000 r-xp 00000000 08:03 788131     /usr/lib/libXinerama.so.1.0.0
004da000-004db000 r--p 00001000 08:03 788131     /usr/lib/libXinerama.so.1.0.0
004db000-004dc000 rw-p 00002000 08:03 788131     /usr/lib/libXinerama.so.1.0.0
004dc000-00538000 r-xp 00000000 08:03 788802     /usr/lib/libpixman-1.so.0.18.4
00538000-0053b000 r--p 0005c000 08:03 788802     /usr/lib/libpixman-1.so.0.18.4
0053b000-0053c000 rw-p 0005f000 08:03 788802     /usr/lib/libpixman-1.so.0.18.4
0053c000-00554000 r-xp 00000000 08:03 789033     /usr/lib/libxcb.so.1.1.0
00554000-00555000 r--p 00017000 08:03 789033     /usr/lib/libxcb.so.1.1.0
00555000-00556000 rw-p 00018000 08:03 789033     /usr/lib/libxcb.so.1.1.0
00556000-0055f000 r-xp 00000000 08:03 6291633    /lib/libnss_nis-2.12.1.so
0055f000-00560000 r--p 00008000 08:03 6291633    /lib/libnss_nis-2.12.1.so
00560000-00561000 rw-p 00009000 08:03 6291633    /lib/libnss_nis-2.12.1.so
00561000-00564000 r-xp 00000000 08:03 3554869    /usr/local/eclipse/configuration/org.eclipse.osgi/bundles/206/1/.cp/libswt-gtk-3655.so
00564000-00565000 rw-p 00002000 08:03 3554869    /usr/local/eclipse/configuration/org.eclipse.osgi/bundles/206/1/.cp/libswt-gtk-3655.so
00565000-00566000 rw-p 00000000 00:00 0 
00567000-0056f000 r-xp 00000000 08:03 788143     /usr/lib/libXrender.so.1.3.0
0056f000-00570000 r--p 00007000 08:03 788143     /usr/lib/libXrender.so.1.3.0
00570000-00571000 rw-p 00008000 08:03 788143     /usr/lib/libXrender.so.1.3.0
00571000-0061f000 r-xp 00000000 08:03 788224     /usr/lib/libcairo.so.2.11000.0
0061f000-00620000 ---p 000ae000 08:03 788224     /usr/lib/libcairo.so.2.11000.0
00620000-00621000 r--p 000ae000 08:03 788224     /usr/lib/libcairo.so.2.11000.0
00621000-00622000 rw-p 000af000 08:03 788224     /usr/lib/libcairo.so.2.11000.0
00622000-00624000 rw-p 00000000 00:00 0 
00624000-0063c000 r-xp 00000000 08:03 788182     /usr/lib/libatk-1.0.so.0.3209.1
0063c000-0063d000 ---p 00018000 08:03 788182     /usr/lib/libatk-1.0.so.0.3209.1
0063d000-0063e000 r--p 00018000 08:03 788182     /usr/lib/libatk-1.0.so.0.3209.1
0063e000-0063f000 rw-p 00019000 08:03 788182     /usr/lib/libatk-1.0.so.0.3209.1
0063f000-00649000 r-xp 00000000 08:03 6291565    /lib/libnss_files-2.12.1.so
00649000-0064a000 r--p 00009000 08:03 6291565    /lib/libnss_files-2.12.1.so
0064a000-0064b000 rw-p 0000a000 08:03 6291565    /lib/libnss_files-2.12.1.so
0064b000-00659000 r-xp 00000000 08:03 788234     /usr/lib/libcanberra.so.0.2.4
00659000-0065a000 r--p 0000d000 08:03 788234     /usr/lib/libcanberra.so.0.2.4
0065a000-0065b000 rw-p 0000e000 08:03 788234     /usr/lib/libcanberra.so.0.2.4
0065b000-00662000 r-xp 00000000 08:03 788994     /usr/lib/libvorbisfile.so.3.3.2
00662000-00663000 r--p 00006000 08:03 788994     /usr/lib/libvorbisfile.so.3.3.2
00663000-00664000 rw-p 00007000 08:03 788994     /usr/lib/libvorbisfile.so.3.3.2
00664000-0066a000 r-xp 00000000 08:03 2364955    /usr/lib/jvm/java-6-openjdk/jre/lib/i386/native_threads/libhpi.so
0066a000-0066b000 r--p 00005000 08:03 2364955    /usr/lib/jvm/java-6-openjdk/jre/lib/i386/native_threads/libhpi.so
0066b000-0066c000 rw-p 00006000 08:03 2364955    /usr/lib/jvm/java-6-openjdk/jre/lib/i386/native_threads/libhpi.so
0066c000-0066e000 r-xp 00000000 08:03 3670644    /usr/local/eclipse/configuration/org.eclipse.osgi/bundles/41/1/.cp/os/linux/x86/libunixfile_1_0_0.so
0066e000-0066f000 rw-p 00001000 08:03 3670644    /usr/local/eclipse/configuration/org.eclipse.osgi/bundles/41/1/.cp/os/linux/x86/libunixfile_1_0_0.so
0066f000-00671000 r-xp 00000000 08:03 788108     /usr/lib/libXau.so.6.0.0
00671000-00672000 r--p 00001000 08:03 788108     /usr/lib/libXau.so.6.0.0
00672000-00673000 rw-p 00002000 08:03 788108     /usr/lib/libXau.so.6.0.0
00673000-0067e000 r-xp 00000000 08:03 2364953    /usr/lib/jvm/java-6-openjdk/jre/lib/i386/libverify.so
0067e000-0067f000 ---p 0000b000 08:03 2364953    /usr/lib/jvm/java-6-openjdk/jre/lib/i386/libverify.so
0067f000-00680000 r--p 0000b000 08:03 2364953    /usr/lib/jvm/java-6-openjdk/jre/lib/i386/libverify.so
00680000-00681000 rw-p 0000c000 08:03 2364953    /usr/lib/jvm/java-6-openjdk/jre/lib/i386/libverify.so
00681000-00687000 r-xp 00000000 08:03 2364954    /usr/lib/jvm/java-6-openjdk/jre/lib/i386/libzip.so
00687000-00688000 r--p 00005000 08:03 2364954    /usr/lib/jvm/java-6-openjdk/jre/lib/i386/libzip.so
00688000-00689000 rw-p 00006000 08:03 2364954    /usr/lib/jvm/java-6-openjdk/jre/lib/i386/libzip.so
00689000-0068d000 rwxp 00000000 00:00 0 
0068d000-0068f000 r-xp 00000000 08:03 920667     /usr/lib/pango/1.6.0/modules/pango-basic-fc.so
0068f000-00690000 r--p 00001000 08:03 920667     /usr/lib/pango/1.6.0/modules/pango-basic-fc.so
00690000-00691000 rw-p 00002000 08:03 920667     /usr/lib/pango/1.6.0/modules/pango-basic-fc.so
00691000-00695000 r-xp 00000000 08:03 791528     /usr/lib/gdk-pixbuf-2.0/2.10.0/loaders/libpixbufloader-png.so
00695000-00696000 r--p 00003000 08:03 791528     /usr/lib/gdk-pixbuf-2.0/2.10.0/loaders/libpixbufloader-png.so
00696000-00697000 rw-p 00004000 08:03 791528     /usr/lib/gdk-pixbuf-2.0/2.10.0/loaders/libpixbufloader-png.so
00698000-006ab000 r-xp 00000000 08:03 6291938    /lib/libnsl-2.12.1.so
006ab000-006ac000 r--p 00012000 08:03 6291938    /lib/libnsl-2.12.1.so
006ac000-006ad000 rw-p 00013000 08:03 6291938    /lib/libnsl-2.12.1.so
006ad000-006af000 rw-p 00000000 00:00 0 
006af000-006c3000 r-xp 00000000 08:03 2364947    /usr/lib/jvm/java-6-openjdk/jre/lib/i386/libnet.so
006c3000-006c4000 r--p 00013000 08:03 2364947    /usr/lib/jvm/java-6-openjdk/jre/lib/i386/libnet.so
006c4000-006c5000 rw-p 00014000 08:03 2364947    /usr/lib/jvm/java-6-openjdk/jre/lib/i386/libnet.so
006c6000-006f4000 r-xp 00000000 08:03 788369     /usr/lib/libfontconfig.so.1.4.4
006f4000-006f5000 r--p 0002d000 08:03 788369     /usr/lib/libfontconfig.so.1.4.4
006f5000-006f6000 rw-p 0002e000 08:03 788369     /usr/lib/libfontconfig.so.1.4.4
006f6000-0071c000 r-xp 00000000 08:03 788990     /usr/lib/libvorbis.so.0.4.4
0071c000-0071d000 r--p 00025000 08:03 788990     /usr/lib/libvorbis.so.0.4.4
0071d000-0071e000 rw-p 00026000 08:03 788990     /usr/lib/libvorbis.so.0.4.4
0071e000-00740000 r-xp 00000000 08:03 2364936    /usr/lib/jvm/java-6-openjdk/jre/lib/i386/libjava.so
00740000-00741000 r--p 00021000 08:03 2364936    /usr/lib/jvm/java-6-openjdk/jre/lib/i386/libjava.so
00741000-00743000 rw-p 00022000 08:03 2364936    /usr/lib/jvm/java-6-openjdk/jre/lib/i386/libjava.so
00743000-00744000 r-xp 00000000 08:03 791532     /usr/lib/gdk-pixbuf-2.0/2.10.0/loaders/libpixbufloader-svg.so
00744000-00745000 r--p 00000000 08:03 791532     /usr/lib/gdk-pixbuf-2.0/2.10.0/loaders/libpixbufloader-svg.so
00745000-00746000 rw-p 00001000 08:03 791532     /usr/lib/gdk-pixbuf-2.0/2.10.0/loaders/libpixbufloader-svg.so
00746000-00779000 r-xp 00000000 08:03 6291593    /lib/libpcre.so.3.12.1
00779000-0077a000 r--p 00032000 08:03 6291593    /lib/libpcre.so.3.12.1
0077a000-0077b000 rw-p 00033000 08:03 6291593    /lib/libpcre.so.3.12.1
0077b000-00780000 r-xp 00000000 08:03 791522     /usr/lib/gdk-pixbuf-2.0/2.10.0/loaders/libpixbufloader-gif.so
00780000-00781000 r--p 00004000 08:03 791522     /usr/lib/gdk-pixbuf-2.0/2.10.0/loaders/libpixbufloader-gif.so
00781000-00782000 rw-p 00005000 08:03 791522     /usr/lib/gdk-pixbuf-2.0/2.10.0/loaders/libpixbufloader-gif.so
00782000-00786000 r-xp 00000000 08:03 792089     /usr/lib/gtk-2.0/2.10.0/immodules/im-ibus.so
00786000-00787000 r--p 00003000 08:03 792089     /usr/lib/gtk-2.0/2.10.0/immodules/im-ibus.so
00787000-00788000 rw-p 00004000 08:03 792089     /usr/lib/gtk-2.0/2.10.0/immodules/im-ibus.so
00788000-007ab000 r-xp 00000000 08:03 789990     /usr/lib/gio/modules/libgvfsdbus.so
007ab000-007ac000 r--p 00022000 08:03 789990     /usr/lib/gio/modules/libgvfsdbus.so
007ac000-007ad000 rw-p 00023000 08:03 789990     /usr/lib/gio/modules/libgvfsdbus.so
007ad000-007b3000 r-xp 00000000 08:03 6291942    /lib/libnss_compat-2.12.1.so
007b3000-007b4000 r--p 00006000 08:03 6291942    /lib/libnss_compat-2.12.1.so
007b4000-007b5000 rw-p 00007000 08:03 6291942    /lib/libnss_compat-2.12.1.so
007b5000-007b7000 r-xp 00000000 08:03 6291640    /lib/libutil-2.12.1.so
007b7000-007b8000 r--p 00001000 08:03 6291640    /lib/libutil-2.12.1.so
007b8000-007b9000 rw-p 00002000 08:03 6291640    /lib/libutil-2.12.1.so
007bd000-007bf000 r-xp 00000000 08:03 6291577    /lib/libdl-2.12.1.so
007bf000-007c0000 r--p 00001000 08:03 6291577    /lib/libdl-2.12.1.so
007c0000-007c1000 rw-p 00002000 08:03 6291577    /lib/libdl-2.12.1.so
007c1000-007d4000 r-xp 00000000 08:03 786792     /usr/lib/libgvfscommon.so.0.0.0
007d4000-007d5000 r--p 00012000 08:03 786792     /usr/lib/libgvfscommon.so.0.0.0
007d5000-007d6000 rw-p 00013000 08:03 786792     /usr/lib/libgvfscommon.so.0.0.0
007d6000-007db000 r-xp 00000000 08:03 792100     /usr/lib/gtk-2.0/2.10.0/menuproxies/libappmenu.so
007db000-007dc000 r--p 00005000 08:03 792100     /usr/lib/gtk-2.0/2.10.0/menuproxies/libappmenu.so
007dc000-007dd000 rw-p 00006000 08:03 792100     /usr/lib/gtk-2.0/2.10.0/menuproxies/libappmenu.so
007df000-007f6000 r-xp 00000000 08:03 788411     /usr/lib/libgdk_pixbuf-2.0.so.0.2200.0
007f6000-007f7000 r--p 00017000 08:03 788411     /usr/lib/libgdk_pixbuf-2.0.so.0.2200.0
007f7000-007f8000 rw-p 00018000 08:03 788411     /usr/lib/libgdk_pixbuf-2.0.so.0.2200.0
007f8000-00802000 r-xp 00000000 08:03 6291523    /lib/libudev.so.0.9.1
00802000-00803000 r--p 00009000 08:03 6291523    /lib/libudev.so.0.9.1
00803000-00804000 rw-p 0000a000 08:03 6291523    /lib/libudev.so.0.9.1
00804000-0080d000 r-xp 00000000 08:03 788297     /usr/lib/libdbusmenu-gtk.so.1.0.17
0080d000-0080e000 r--p 00008000 08:03 788297     /usr/lib/libdbusmenu-gtk.so.1.0.17
0080e000-0080f000 rw-p 00009000 08:03 788297     /usr/lib/libdbusmenu-gtk.so.1.0.17
0080f000-0081d000 r-xp 00000000 08:03 788295     /usr/lib/libdbusmenu-glib.so.1.0.17
0081d000-0081e000 ---p 0000e000 08:03 788295     /usr/lib/libdbusmenu-glib.so.1.0.17
0081e000-0081f000 r--p 0000e000 08:03 788295     /usr/lib/libdbusmenu-glib.so.1.0.17
0081f000-00820000 rw-p 0000f000 08:03 788295     /usr/lib/libdbusmenu-glib.so.1.0.17
00824000-00864000 r-xp 00000000 08:03 788479     /usr/lib/libgobject-2.0.so.0.2600.0
00864000-00865000 r--p 00040000 08:03 788479     /usr/lib/libgobject-2.0.so.0.2600.0
00865000-00866000 rw-p 00041000 08:03 788479     /usr/lib/libgobject-2.0.so.0.2600.0
00866000-0097f000 r-xp 00000000 08:03 788104     /usr/lib/libX11.so.6.3.0
0097f000-00980000 r--p 00118000 08:03 788104     /usr/lib/libX11.so.6.3.0
00980000-00982000 rw-p 00119000 08:03 788104     /usr/lib/libX11.so.6.3.0
00982000-00983000 rw-p 00000000 00:00 0 
00983000-009bd000 r-xp 00000000 08:03 6291513    /lib/libdbus-1.so.3.5.2
009bd000-009be000 r--p 00039000 08:03 6291513    /lib/libdbus-1.so.3.5.2
009be000-009bf000 rw-p 0003a000 08:03 6291513    /lib/libdbus-1.so.3.5.2
009c6000-009d2000 r-xp 00000000 08:03 2101801    /usr/local/eclipse/plugins/org.eclipse.equinox.launcher.gtk.linux.x86_1.1.1.R36x_v20100810/eclipse_1309.so
009d2000-009d3000 rw-p 0000c000 08:03 2101801    /usr/local/eclipse/plugins/org.eclipse.equinox.launcher.gtk.linux.x86_1.1.1.R36x_v20100810/eclipse_1309.so
009d3000-009f0000 r-xp 00000000 08:03 788293     /usr/lib/libdbus-glib-1.so.2.1.0
009f0000-009f1000 r--p 0001c000 08:03 788293     /usr/lib/libdbus-glib-1.so.2.1.0
009f1000-009f2000 rw-p 0001d000 08:03 788293     /usr/lib/libdbus-glib-1.so.2.1.0
009f5000-00ac2000 r-xp 00000000 08:03 6291539    /lib/libglib-2.0.so.0.2600.0
00ac2000-00ac3000 r--p 000cc000 08:03 6291539    /lib/libglib-2.0.so.0.2600.0
00ac3000-00ac4000 rw-p 000cd000 08:03 6291539    /lib/libglib-2.0.so.0.2600.0
00ad0000-00ad5000 r-xp 00000000 08:03 792106     /usr/lib/gtk-2.0/modules/libcanberra-gtk-module.so
00ad5000-00ad6000 r--p 00004000 08:03 792106     /usr/lib/gtk-2.0/modules/libcanberra-gtk-module.so
00ad6000-00ad7000 rw-p 00005000 08:03 792106     /usr/lib/gtk-2.0/modules/libcanberra-gtk-module.so
00ad7000-00b30000 r-xp 00000000 08:03 3554870    /usr/local/eclipse/configuration/org.eclipse.osgi/bundles/206/1/.cp/libswt-pi-gtk-3655.so
00b30000-00b32000 rw-p 00058000 08:03 3554870    /usr/local/eclipse/configuration/org.eclipse.osgi/bundles/206/1/.cp/libswt-pi-gtk-3655.so
00b32000-00b33000 rw-p 00000000 00:00 0 
00b49000-00b4a000 r-xp 00000000 00:00 0          [vdso]
00b53000-00bc5000 r-xp 00000000 08:03 788377     /usr/lib/libfreetype.so.6.6.0
00bc5000-00bc9000 r--p 00071000 08:03 788377     /usr/lib/libfreetype.so.6.6.0
00bc9000-00bca000 rw-p 00075000 08:03 788377     /usr/lib/libfreetype.so.6.6.0
00bdc000-00c00000 r-xp 00000000 08:03 6291941    /lib/libm-2.12.1.so
00c00000-00c01000 r--p 00023000 08:03 6291941    /lib/libm-2.12.1.so
00c01000-00c02000 rw-p 00024000 08:03 6291941    /lib/libm-2.12.1.so
00c15000-00c1c000 r-xp 00000000 08:03 2364948    /usr/lib/jvm/java-6-openjdk/jre/lib/i386/libnio.so
00c1c000-00c1d000 r--p 00006000 08:03 2364948    /usr/lib/jvm/java-6-openjdk/jre/lib/i386/libnio.so
00c1d000-00c1e000 rw-p 00007000 08:03 2364948    /usr/lib/jvm/java-6-openjdk/jre/lib/i386/libnio.so
00c1e000-00c58000 r-xp 00000000 08:03 788610     /usr/lib/libibus.so.2.0.0
00c58000-00c59000 r--p 00039000 08:03 788610     /usr/lib/libibus.so.2.0.0
00c59000-00c5a000 rw-p 0003a000 08:03 788610     /usr/lib/libibus.so.2.0.0
00c5a000-00c8a000 r-xp 00000000 08:03 788867     /usr/lib/librsvg-2.so.2.32.0
00c8a000-00c8b000 r--p 0002f000 08:03 788867     /usr/lib/librsvg-2.so.2.32.0
00c8b000-00c8c000 rw-p 00030000 08:03 788867     /usr/lib/librsvg-2.so.2.32.0
00c8f000-00ca4000 r-xp 00000000 08:03 6291944    /lib/libpthread-2.12.1.so
00ca4000-00ca5000 ---p 00015000 08:03 6291944    /lib/libpthread-2.12.1.so
00ca5000-00ca6000 r--p 00015000 08:03 6291944    /lib/libpthread-2.12.1.so
00ca6000-00ca7000 rw-p 00016000 08:03 6291944    /lib/libpthread-2.12.1.so
00ca7000-00ca9000 rw-p 00000000 00:00 0 
00caf000-00cdc000 r-xp 00000000 08:03 792081     /usr/lib/gtk-2.0/2.10.0/engines/libmurrine.so
00cdc000-00cdd000 r--p 0002c000 08:03 792081     /usr/lib/gtk-2.0/2.10.0/engines/libmurrine.so
00cdd000-00cde000 rw-p 0002d000 08:03 792081     /usr/lib/gtk-2.0/2.10.0/engines/libmurrine.so
00ce6000-00cea000 r-xp 00000000 08:03 788149     /usr/lib/libXtst.so.6.1.0
00cea000-00ceb000 r--p 00003000 08:03 788149     /usr/lib/libXtst.so.6.1.0
00ceb000-00cec000 rw-p 00004000 08:03 788149     /usr/lib/libXtst.so.6.1.0
00cf6000-00cfd000 r-xp 00000000 08:03 788692     /usr/lib/libltdl.so.7.2.1
00cfd000-00cfe000 r--p 00006000 08:03 788692     /usr/lib/libltdl.so.7.2.1
00cfe000-00cff000 rw-p 00007000 08:03 788692     /usr/lib/libltdl.so.7.2.1
00d23000-00d2a000 r-xp 00000000 08:03 6291613    /lib/librt-2.12.1.so
00d2a000-00d2b000 r--p 00006000 08:03 6291613    /lib/librt-2.12.1.so
00d2b000-00d2c000 rw-p 00007000 08:03 6291613    /lib/librt-2.12.1.so
00d4b000-00d54000 r-xp 00000000 08:03 3554880    /usr/local/eclipse/configuration/org.eclipse.osgi/bundles/206/1/.cp/libswt-atk-gtk-3655.so
00d54000-00d55000 rw-p 00008000 08:03 3554880    /usr/local/eclipse/configuration/org.eclipse.osgi/bundles/206/1/.cp/libswt-atk-gtk-3655.so
00d6b000-00d78000 r-xp 00000000 08:03 788936     /usr/lib/libtdb.so.1.2.1
00d78000-00d79000 r--p 0000c000 08:03 788936     /usr/lib/libtdb.so.1.2.1
00d79000-00d7a000 rw-p 0000d000 08:03 788936     /usr/lib/libtdb.so.1.2.1
00d7e000-00d80000 r-xp 00000000 08:03 788117     /usr/lib/libXdamage.so.1.1.0
00d80000-00d81000 r--p 00001000 08:03 788117     /usr/lib/libXdamage.so.1.1.0
00d81000-00d82000 rw-p 00002000 08:03 788117     /usr/lib/libXdamage.so.1.1.0
00d82000-00db3000 r-xp 00000000 08:03 788265     /usr/lib/libcroco-0.6.so.3.0.1
00db3000-00db4000 r--p 00030000 08:03 788265     /usr/lib/libcroco-0.6.so.3.0.1
00db4000-00db6000 rw-p 00031000 08:03 788265     /usr/lib/libcroco-0.6.so.3.0.1
00e54000-00e57000 r-xp 00000000 08:03 788551     /usr/lib/libgthread-2.0.so.0.2600.0
00e57000-00e58000 r--p 00003000 08:03 788551     /usr/lib/libgthread-2.0.so.0.2600.0
00e58000-00e59000 rw-p 00004000 08:03 788551     /usr/lib/libgthread-2.0.so.0.2600.0
00e60000-00e67000 r-xp 00000000 08:03 792082     /usr/lib/gtk-2.0/2.10.0/engines/libpixmap.so
00e67000-00e68000 ---p 00007000 08:03 792082     /usr/lib/gtk-2.0/2.10.0/engines/libpixmap.so
00e68000-00e69000 r--p 00007000 08:03 792082     /usr/lib/gtk-2.0/2.10.0/engines/libpixmap.so
00e69000-00e6a000 rw-p 00008000 08:03 792082     /usr/lib/gtk-2.0/2.10.0/engines/libpixmap.so
00e86000-00e89000 r-xp 00000000 08:03 791521     /usr/lib/gdk-pixbuf-2.0/2.10.0/loaders/libpixbufloader-bmp.so
00e89000-00e8a000 r--p 00002000 08:03 791521     /usr/lib/gdk-pixbuf-2.0/2.10.0/loaders/libpixbufloader-bmp.so
00e8a000-00e8b000 rw-p 00003000 08:03 791521     /usr/lib/gdk-pixbuf-2.0/2.10.0/loaders/libpixbufloader-bmp.so
00eb5000-00ebf000 r-xp 00000000 08:03 3554914    /usr/local/eclipse/configuration/org.eclipse.osgi/bundles/206/1/.cp/libswt-cairo-gtk-3655.so
00ebf000-00ec0000 rw-p 00009000 08:03 3554914    /usr/local/eclipse/configuration/org.eclipse.osgi/bundles/206/1/.cp/libswt-cairo-gtk-3655.so
00edf000-00f73000 r-xp 00000000 08:03 788409     /usr/lib/libgdk-x11-2.0.so.0.2200.0
00f73000-00f75000 r--p 00094000 08:03 788409     /usr/lib/libgdk-x11-2.0.so.0.2200.0
00f75000-00f76000 rw-p 00096000 08:03 788409     /usr/lib/libgdk-x11-2.0.so.0.2200.0
00fd2000-00fd4000 r-xp 00000000 08:03 788113     /usr/lib/libXcomposite.so.1.0.0
00fd4000-00fd5000 r--p 00001000 08:03 788113     /usr/lib/libXcomposite.so.1.0.0
00fd5000-00fd6000 rw-p 00002000 08:03 788113     /usr/lib/libXcomposite.so.1.0.0
00fd6000-0139e000 r-xp 00000000 08:03 788553     /usr/lib/libgtk-x11-2.0.so.0.2200.0
0139e000-013a2000 r--p 003c8000 08:03 788553     /usr/lib/libgtk-x11-2.0.so.0.2200.0
013a2000-013a4000 rw-p 003cc000 08:03 788553     /usr/lib/libgtk-x11-2.0.so.0.2200.0
013a4000-013a6000 rw-p 00000000 00:00 0 
013a6000-014cb000 r-xp 00000000 08:03 789039     /usr/lib/libxml2.so.2.7.7
014cb000-014cf000 r--p 00124000 08:03 789039     /usr/lib/libxml2.so.2.7.7
014cf000-014d0000 rw-p 00128000 08:03 789039     /usr/lib/libxml2.so.2.7.7
014d0000-014d1000 rw-p 00000000 00:00 0 
054b9000-058e7000 r-xp 00000000 08:03 2359736    /usr/lib/jvm/java-6-openjdk/jre/lib/i386/client/libjvm.so
058e7000-058fe000 r--p 0042e000 08:03 2359736    /usr/lib/jvm/java-6-openjdk/jre/lib/i386/client/libjvm.so
058fe000-0590b000 rw-p 00445000 08:03 2359736    /usr/lib/jvm/java-6-openjdk/jre/lib/i386/client/libjvm.so
0590b000-05d29000 rw-p 00000000 00:00 0 
08048000-0804c000 r-xp 00000000 08:03 795889     /usr/local/eclipse/eclipse
0804c000-0804d000 rw-p 00003000 08:03 795889     /usr/local/eclipse/eclipse
0925e000-09950000 rw-p 00000000 00:00 0          [heap]
6b820000-6c640000 rw-p 00000000 00:00 0 
6c640000-73820000 rw-p 00000000 00:00 0 
73820000-75441000 rw-p 00000000 00:00 0 
75441000-83820000 rw-p 00000000 00:00 0 
83820000-860e0000 rw-p 00000000 00:00 0 
860e0000-93820000 rw-p 00000000 00:00 0 
93820000-93f77000 r--s 00001000 08:03 2362247    /usr/lib/jvm/java-6-openjdk/jre/lib/i386/client/classes.jsa
93f77000-94220000 rw-p 00000000 00:00 0 
94220000-94960000 rw-p 00758000 08:03 2362247    /usr/lib/jvm/java-6-openjdk/jre/lib/i386/client/classes.jsa
94960000-94e20000 rw-p 00000000 00:00 0 
94e20000-94f1b000 rw-p 00e98000 08:03 2362247    /usr/lib/jvm/java-6-openjdk/jre/lib/i386/client/classes.jsa
94f1b000-95220000 rw-p 00000000 00:00 0 
95220000-95228000 r-xs 00f93000 08:03 2362247    /usr/lib/jvm/java-6-openjdk/jre/lib/i386/client/classes.jsa
95228000-95620000 rw-p 00000000 00:00 0 
b0b00000-b0b8a000 rw-p 00000000 00:00 0 
b0b8a000-b0c00000 ---p 00000000 00:00 0 
b0d00000-b0dfe000 rw-p 00000000 00:00 0 
b0dfe000-b0e00000 ---p 00000000 00:00 0 
b0e57000-b0e5a000 ---p 00000000 00:00 0 
b0e5a000-b0ea8000 rw-p 00000000 00:00 0 
b0ea8000-b0eab000 ---p 00000000 00:00 0 
b0eab000-b0ef9000 rw-p 00000000 00:00 0 
b0ef9000-b0efc000 ---p 00000000 00:00 0 
b0efc000-b0f4a000 rw-p 00000000 00:00 0 
b0f4a000-b0f4d000 ---p 00000000 00:00 0 
b0f4d000-b0f9b000 rw-p 00000000 00:00 0 
b0f9b000-b0f9e000 ---p 00000000 00:00 0 
b0f9e000-b0fec000 rw-p 00000000 00:00 0 
b0fec000-b1634000 r--p 00000000 08:03 2362262    /usr/share/icons/hicolor/icon-theme.cache
b1634000-b38de000 r--p 00000000 08:03 2361933    /usr/share/icons/gnome/icon-theme.cache
b38de000-b39af000 r--p 00000000 08:03 2231036    /usr/share/icons/Humanity/icon-theme.cache
b39af000-b39b2000 ---p 00000000 00:00 0 
b39b2000-b3a00000 rw-p 00000000 00:00 0 
b3a00000-b3afe000 rw-p 00000000 00:00 0 
b3afe000-b3b00000 ---p 00000000 00:00 0 
b3b00000-b3bf9000 rw-p 00000000 00:00 0 
b3bf9000-b3c00000 ---p 00000000 00:00 0 
b3c00000-b3cff000 rw-p 00000000 00:00 0 
b3cff000-b3d00000 ---p 00000000 00:00 0 
b3d0d000-b3d10000 ---p 00000000 00:00 0 
b3d10000-b3d5e000 rw-p 00000000 00:00 0 
b3d5e000-b3d61000 ---p 00000000 00:00 0 
b3d61000-b3daf000 rw-p 00000000 00:00 0 
b3daf000-b3db2000 ---p 00000000 00:00 0 
b3db2000-b3e00000 rw-p 00000000 00:00 0 
b3e00000-b3e97000 rw-p 00000000 00:00 0 
b3e97000-b3f00000 ---p 00000000 00:00 0 
b3f09000-b3f13000 r--s 00086000 00:14 8519826    /home/rob/Documents/replicators/replicatorg-git/build/shared/lib/quaqua.jar
b3f13000-b3f1c000 r--s 00059000 08:03 921499     /usr/local/eclipse/plugins/org.eclipse.mylyn.commons.ui_3.4.0.v20100608-0100-e3x.jar
b3f1c000-b3f22000 r--s 00049000 08:03 921520     /usr/local/eclipse/plugins/org.apache.commons.httpclient_3.1.0.v201005080502.jar
b3f22000-b3f24000 r--s 0000f000 08:03 921606     /usr/local/eclipse/plugins/org.eclipse.mylyn.commons.net_3.4.1.v20100625-2100-e3x.jar
b3f24000-b3f27000 r--s 0000a000 08:03 921512     /usr/local/eclipse/plugins/org.eclipse.mylyn.monitor.ui_3.4.0.v20100608-0100-e3x.jar
b3f27000-b3f2f000 r--s 00052000 08:03 921635     /usr/local/eclipse/plugins/org.eclipse.mylyn.tasks.core_3.4.1.v20100730-0100-e3x.jar
b3f2f000-b3f33000 r--s 00034000 08:03 921503     /usr/local/eclipse/plugins/com.jcraft.jsch_0.1.41.v200903070017.jar
b3f33000-b3f35000 r--s 00007000 08:03 921680     /usr/local/eclipse/plugins/org.eclipse.jsch.core_1.1.200.I20100505-1245.jar
b3f35000-b3f37000 r--s 00007000 08:03 921604     /usr/local/eclipse/plugins/org.eclipse.equinox.frameworkadmin_2.0.0.v20100503.jar
b3f37000-b3f3a000 r--s 00020000 08:03 921442     /usr/local/eclipse/plugins/org.eclipse.jdt.junit.core_3.6.1.r361_v20100825-0800.jar
b3f3a000-b3f3c000 r--s 00003000 08:03 921671     /usr/local/eclipse/plugins/org.eclipse.equinox.p2.updatechecker_1.1.101.R36x_v20100823.jar
b3f3c000-b3f3f000 r--s 00018000 08:03 921450     /usr/local/eclipse/plugins/org.eclipse.equinox.p2.metadata.repository_1.1.0.v20100513.jar
b3f3f000-b3f43000 r--s 00021000 08:03 921562     /usr/local/eclipse/plugins/org.eclipse.equinox.p2.repository_2.0.1.R36x_v20100823.jar
b3f43000-b3f46000 ---p 00000000 00:00 0 
b3f46000-b3f94000 rw-p 00000000 00:00 0 
b3f94000-b3ff4000 rw-s 00000000 00:04 43974668   /SYSV00000000 (deleted)
b3ff4000-b3ffb000 r--s 00052000 08:03 921530     /usr/local/eclipse/plugins/org.eclipse.jdt.apt.core_3.3.401.R36_v20100727-0110.jar
b3ffc000-b3ffd000 r--s 00005000 08:03 921572     /usr/local/eclipse/plugins/org.eclipse.equinox.simpleconfigurator.manipulator_2.0.0.v20100503.jar
b3ffd000-b4005000 r--s 00049000 08:03 921519     /usr/local/eclipse/plugins/org.eclipse.equinox.p2.metadata_2.0.0.v20100601.jar
b4005000-b4009000 r--s 00028000 08:03 921490     /usr/local/eclipse/plugins/org.eclipse.equinox.p2.engine_2.0.0.v20100606.jar
b4009000-b400b000 r--s 0000b000 08:03 921459     /usr/local/eclipse/plugins/org.eclipse.equinox.p2.operations_2.0.0.v20100510.jar
b400b000-b400e000 r--s 0000c000 08:03 921533     /usr/local/eclipse/plugins/org.eclipse.equinox.p2.ui.sdk.scheduler_1.0.0.v20100507-1815.jar
b400e000-b4018000 r--s 00084000 08:03 921677     /usr/local/eclipse/plugins/org.eclipse.team.cvs.core_3.3.300.I20100526-0800.jar
b4018000-b4035000 r--s 0017a000 08:03 921659     /usr/local/eclipse/plugins/org.eclipse.team.cvs.ui_3.3.301.R36x_v20100825-0800.jar
b4035000-b4037000 r--s 0000a000 08:03 921636     /usr/local/eclipse/plugins/org.eclipse.epp.usagedata.recording_1.3.0.R201005261100.jar
b4037000-b4039000 r--s 00008000 08:03 921461     /usr/local/eclipse/plugins/org.eclipse.epp.usagedata.gathering_1.3.0.R201005261100.jar
b4039000-b403b000 r--s 0000a000 08:03 921438     /usr/local/eclipse/plugins/org.eclipse.ui.net_1.2.100.I20100505-1245.jar
b403b000-b403e000 r--s 00017000 08:03 921516     /usr/local/eclipse/plugins/org.eclipse.equinox.security_1.0.200.v20100503.jar
b403e000-b4041000 r--s 0000e000 08:03 921509     /usr/local/eclipse/plugins/org.eclipse.core.net_1.2.100.I20100511-0800.jar
b4041000-b4043000 r--s 00014000 08:03 921464     /usr/local/eclipse/plugins/org.eclipse.ui.intro.universal_3.2.402.r36_v20100702/universal.jar
b404a000-b4066000 r--s 00141000 08:03 921422     /usr/local/eclipse/plugins/org.eclipse.team.ui_3.5.101.R36x_v20100825-0800.jar
b4066000-b4068000 r--s 00013000 08:03 2101812    /usr/lib/jvm/java-6-openjdk/jre/lib/jce.jar
b4068000-b406e000 r--s 00032000 08:03 921416     /usr/local/eclipse/plugins/org.eclipse.mylyn.context.ui_3.4.1.v20100909-0100-e3x.jar
b406e000-b4070000 r--s 00007000 08:03 921494     /usr/local/eclipse/plugins/org.eclipse.core.variables_3.2.400.v20100505.jar
b4070000-b408f000 r--s 0016b000 08:03 921613     /usr/local/eclipse/plugins/org.eclipse.mylyn.tasks.ui_3.4.2.v20100902-0100-e3x.jar
b408f000-b4093000 r--s 00024000 08:03 921479     /usr/local/eclipse/plugins/org.eclipse.ui.console_3.5.0.v20100526.jar
b4093000-b4095000 r--s 0000e000 08:03 921691     /usr/local/eclipse/plugins/org.eclipse.compare.core_3.5.100.I20100526-0800.jar
b4095000-b409d000 r--s 0004c000 08:03 921540     /usr/local/eclipse/plugins/org.eclipse.debug.core_3.6.0.v20100519.jar
b409d000-b40a0000 ---p 00000000 00:00 0 
b40a0000-b40ee000 rw-p 00000000 00:00 0 
b40ee000-b40f8000 r--s 00066000 08:03 921588     /usr/local/eclipse/plugins/org.eclipse.ltk.ui.refactoring_3.5.0.v20100526-0800.jar
b40f8000-b40fa000 r--s 0004c000 00:14 8519830    /home/rob/Documents/replicators/replicatorg-git/build/shared/lib/vecmath.jar
b40fa000-b40ff000 r--s 0003c000 00:14 8519829    /home/rob/Documents/replicators/replicatorg-git/build/shared/lib/twitter4j-2.0.10.jar
b40ff000-b4136000 r--p 00000000 08:03 1708516    /usr/share/fonts/truetype/ttf-dejavu/DejaVuSansMono-BoldOblique.ttf
b4136000-b416f000 r--p 00000000 08:03 1708517    /usr/share/fonts/truetype/ttf-dejavu/DejaVuSansMono-Oblique.ttf
b416f000-b41b9000 r--p 00000000 08:03 1706667    /usr/share/fonts/truetype/ttf-dejavu/DejaVuSansMono-Bold.ttf
b41bd000-b41c2000 r--s 00041000 00:14 8519828    /home/rob/Documents/replicators/replicatorg-git/build/shared/lib/svgSalamander-tiny.jar
b41c2000-b41d3000 r--s 0014c000 00:14 8519818    /home/rob/Documents/replicators/replicatorg-git/build/shared/lib/jfreechart-1.0.13.jar
b41d3000-b41da000 r--s 00048000 08:03 921624     /usr/local/eclipse/plugins/org.eclipse.ltk.core.refactoring_3.5.100.v20100526-0800.jar
b41da000-b423c000 r--p 00000000 08:03 1706707    /usr/share/fonts/truetype/ubuntu-font-family/Ubuntu-BI.ttf
b423c000-b4292000 r--p 00000000 08:03 1706708    /usr/share/fonts/truetype/ubuntu-font-family/Ubuntu-I.ttf
b4292000-b42df000 r--p 00000000 08:03 1706706    /usr/share/fonts/truetype/ubuntu-font-family/Ubuntu-B.ttf
b42e3000-b42ec000 r--s 00056000 08:03 921708     /usr/local/eclipse/plugins/org.eclipse.team.core_3.5.100.R36x_v20100825-0800.jar
b42ed000-b42f3000 r--s 00046000 00:14 8519817    /home/rob/Documents/replicators/replicatorg-git/build/shared/lib/jcommon-1.0.16.jar
b42f3000-b4301000 r--s 00193000 00:14 8519816    /home/rob/Documents/replicators/replicatorg-git/build/shared/lib/j3dutils.jar
b4301000-b431d000 r--s 00000000 08:03 1180139    /usr/share/mime/mime.cache
b431d000-b4320000 ---p 00000000 00:00 0 
b4320000-b436e000 rw-p 00000000 00:00 0 
b436e000-b4400000 r--s 008f6000 08:03 921615     /usr/local/eclipse/plugins/org.eclipse.jdt.ui_3.6.1.r361_v20100825-0800.jar
b4400000-b44fa000 rw-p 00000000 00:00 0 
b44fa000-b4500000 ---p 00000000 00:00 0 
b4500000-b4501000 r--s 00007000 08:03 921487     /usr/local/eclipse/plugins/org.eclipse.jdt.apt.pluggable.core_1.0.301.R36_v20100727-0110.jar
b4501000-b4505000 r--s 00044000 08:03 921566     /usr/local/eclipse/plugins/org.eclipse.jdt.launching_3.5.100.v20100526.jar
b4505000-b4508000 r--s 00013000 08:03 921590     /usr/local/eclipse/plugins/org.eclipse.ui.views_3.5.0.I20100527-0800.jar
b4508000-b450b000 r--s 00019000 08:03 921594     /usr/local/eclipse/plugins/org.eclipse.core.filebuffers_3.5.100.v20100520-0800.jar
b450b000-b450e000 r--s 00012000 08:03 921458     /usr/local/eclipse/plugins/org.eclipse.jdt.core.manipulation_1.3.0.v20100520-0800.jar
b4512000-b4517000 r--s 00039000 00:14 8519825    /home/rob/Documents/replicators/replicatorg-git/build/shared/lib/protobuf.jar
b4517000-b451a000 r--s 00023000 08:03 921524     /usr/local/eclipse/plugins/org.eclipse.jdt.compiler.apt_1.0.300.v20100513-0845.jar
b451a000-b4543000 r--s 00425000 08:03 921628     /usr/local/eclipse/plugins/org.eclipse.jdt.core_3.6.1.v_A68_R36x.jar
b4543000-b4556000 r--s 000dc000 08:03 921501     /usr/local/eclipse/plugins/org.eclipse.jface.text_3.6.1.r361_v20100825-0800.jar
b4556000-b455b000 r--s 00038000 08:03 921582     /usr/local/eclipse/plugins/org.eclipse.text_3.5.0.v20100601-1300.jar
b455b000-b4566000 r--s 0007d000 08:03 921552     /usr/local/eclipse/plugins/org.eclipse.ui.editors_3.6.1.r361_v20100825-0800.jar
b4566000-b4572000 r--s 00082000 08:03 921472     /usr/local/eclipse/plugins/org.eclipse.ui.workbench.texteditor_3.6.1.r361_v20100714-0800.jar
b4572000-b4575000 rw-s 00000000 00:04 43941899   /SYSV00000000 (deleted)
b4576000-b4577000 r--s 00006000 00:14 8519827    /home/rob/Documents/replicators/replicatorg-git/build/shared/lib/registry.jar
b4577000-b4578000 r--s 00006000 00:14 8519824    /home/rob/Documents/replicators/replicatorg-git/build/shared/lib/oro.jar
b4578000-b4579000 r--s 00003000 00:14 8519823    /home/rob/Documents/replicators/replicatorg-git/build/shared/lib/mrj.jar
b4579000-b457c000 r--s 0002d000 00:14 8519822    /home/rob/Documents/replicators/replicatorg-git/build/shared/lib/miglayout-3.7.jar
b457c000-b4588000 r--s 002c7000 00:14 8519815    /home/rob/Documents/replicators/replicatorg-git/build/shared/lib/j3dcore.jar
b4588000-b458d000 r--s 00053000 00:14 8519814    /home/rob/Documents/replicators/replicatorg-git/build/shared/lib/antlr.jar
b458d000-b458f000 r--s 0000d000 00:14 8519813    /home/rob/Documents/replicators/replicatorg-git/build/shared/lib/RXTXcomm.jar
b458f000-b4590000 r--s 00004000 00:14 8519810    /home/rob/Documents/replicators/replicatorg-git/build/macosx/jarbundler-2.1.0.jar
b4590000-b459a000 r--p 00000000 08:03 2231041    /usr/share/icons/Humanity-Dark/icon-theme.cache
b459a000-b45a4000 r--p 00000000 08:03 2499266    /usr/share/icons/ubuntu-mono-dark/icon-theme.cache
b45a4000-b45ae000 r--s 00089000 08:03 921689     /usr/local/eclipse/plugins/org.eclipse.update.core_3.2.402.R36x_v20100629.jar
b45ae000-b45b1000 ---p 00000000 00:00 0 
b45b1000-b45ff000 rw-p 00000000 00:00 0 
b45ff000-b4602000 ---p 00000000 00:00 0 
b4602000-b4650000 rw-p 00000000 00:00 0 
b4650000-b4671000 r--s 00607000 08:03 921448     /usr/local/eclipse/plugins/com.ibm.icu_4.2.1.v20100412.jar
b4671000-b4700000 r--p 00000000 08:03 1706665    /usr/share/fonts/truetype/ttf-dejavu/DejaVuSans-Bold.ttf
b4700000-b4800000 rw-p 00000000 00:00 0 
b4800000-b4801000 r--s 00008000 08:03 921592     /usr/local/eclipse/plugins/org.eclipse.core.net.linux.x86_1.1.100.R36x_v20100825-0800.jar
b4801000-b4802000 r--s 0000d000 08:03 921575     /usr/local/eclipse/plugins/org.eclipse.jdt.compiler.tool_1.0.100.v_A68_R36x.jar
b4802000-b4806000 r--s 0003b000 08:03 921674     /usr/local/eclipse/plugins/org.eclipse.help_3.5.0.v20100524.jar
b4806000-b4808000 r--s 00001000 08:03 921485     /usr/local/eclipse/plugins/org.eclipse.update.core.linux_3.2.200.v20100512.jar
b4808000-b4809000 r--s 00004000 08:03 921545     /usr/local/eclipse/plugins/org.eclipse.mylyn.team.cvs_3.4.1.v20100909-0100-e3x.jar
b4809000-b480c000 r--s 0000e000 08:03 921434     /usr/local/eclipse/plugins/org.eclipse.mylyn.tasks.search_3.4.0.v20100608-0100-e3x.jar
b480c000-b4810000 r--s 00017000 08:03 921493     /usr/local/eclipse/plugins/org.eclipse.mylyn.team.ui_3.4.2.v20100909-0100-e3x.jar
b4810000-b4813000 r--s 00018000 08:03 921679     /usr/local/eclipse/plugins/org.eclipse.mylyn.context.core_3.4.1.v20100909-0100-e3x.jar
b4813000-b4818000 r--s 00044000 08:03 921612     /usr/local/eclipse/plugins/org.eclipse.ui.forms_3.5.2.r36_v20100702.jar
b4818000-b481d000 r--s 0002d000 08:03 921644     /usr/local/eclipse/plugins/org.eclipse.mylyn.bugzilla.ui_3.4.2.v20100909-0100-e3x.jar
b481d000-b4820000 r--s 00013000 08:03 921528     /usr/local/eclipse/plugins/org.eclipse.core.expressions_3.4.200.v20100505.jar
b4820000-b4828000 r--s 0003b000 08:03 921521     /usr/local/eclipse/plugins/org.eclipse.core.databinding.observable_1.3.0.I20100601-0800.jar
b4828000-b482a000 r--s 00017000 08:03 921496     /usr/local/eclipse/plugins/org.eclipse.update.configurator_3.3.100.v20100512.jar
b482a000-b482c000 r--s 00005000 08:03 921713     /usr/local/eclipse/plugins/org.eclipse.mylyn.commons.core_3.4.0.v20100608-0100-e3x.jar
b482c000-b4830000 r--s 00031000 08:03 921439     /usr/local/eclipse/plugins/org.eclipse.mylyn.bugzilla.core_3.4.2.v20100902-0100-e3x.jar
b4830000-b4833000 r--s 00014000 08:03 921441     /usr/local/eclipse/plugins/org.eclipse.core.contenttype_3.4.100.v20100505-1235.jar
b4833000-b4834000 r--s 00002000 08:03 921622     /usr/local/eclipse/plugins/org.eclipse.core.filesystem.linux.x86_1.4.0.v20100505-1235.jar
b4834000-b4836000 r--s 0000b000 08:03 921484     /usr/local/eclipse/plugins/org.eclipse.core.filesystem_1.3.1.R36x_v20100727-0745.jar
b4836000-b4841000 r--s 000b1000 08:03 921418     /usr/local/eclipse/plugins/org.eclipse.core.resources_3.6.0.R36x_v20100825-0600.jar
b4841000-b4867000 r--s 0020a000 08:03 921537     /usr/local/eclipse/plugins/org.eclipse.ui.ide_3.6.1.M20100825-0800.jar
b4867000-b48b6000 r--p 00000000 08:03 1706668    /usr/share/fonts/truetype/ttf-dejavu/DejaVuSansMono.ttf
b48b6000-b4904000 r--p 00000000 08:03 1706709    /usr/share/fonts/truetype/ubuntu-font-family/Ubuntu-R.ttf
b4904000-b4905000 r--s 00000000 08:03 2362790    /var/cache/fontconfig/c05880de57d1f5e948fdfacc138775d9-le32d4.cache-3
b4905000-b490b000 r--s 00000000 08:03 2362787    /var/cache/fontconfig/945677eb7aeaf62f1d50efc3fb3ec7d8-le32d4.cache-3
b490b000-b490d000 r--s 00000000 08:03 2362788    /var/cache/fontconfig/99e8ed0e538f840c565b6ed5dad60d56-le32d4.cache-3
b490d000-b4910000 r--s 00000000 08:03 2362797    /var/cache/fontconfig/e383d7ea5fbe662a33d9b44caf393297-le32d4.cache-3
b4910000-b4912000 r--s 00000000 08:03 2362776    /var/cache/fontconfig/2cd17615ca594fa2959ae173292e504c-le32d4.cache-3
b4912000-b4914000 r--s 00000000 08:03 2363408    /var/cache/fontconfig/ea47318ec9849e1a71e80a5d69d13859-le32d4.cache-3
b4914000-b4915000 r--s 00000000 08:03 2362786    /var/cache/fontconfig/e3fa16a14183b06aa45b3e009278fd14-le32d4.cache-3
b4915000-b4916000 r--s 00000000 08:03 2362798    /var/cache/fontconfig/e7071f4a29fa870f4323321c154eba04-le32d4.cache-3
b4916000-b4919000 r--s 00000000 08:03 2362784    /var/cache/fontconfig/6eb3985aa4124903f6ff08ba781cd364-le32d4.cache-3
b4919000-b491a000 r--s 00000000 08:03 2362780    /var/cache/fontconfig/4c73fe0c47614734b17d736dbde7580a-le32d4.cache-3
b491a000-b491b000 r--s 00000000 08:03 2362773    /var/cache/fontconfig/0d8c3b2ac0904cb8a57a757ad11a4a08-le32d4.cache-3
b491b000-b491c000 r--s 00000000 08:03 2362782    /var/cache/fontconfig/6a53c69dea097a2d716e069445527da8-le32d4.cache-3
b491c000-b4920000 r--s 00000000 08:03 2362789    /var/cache/fontconfig/a755afe4a08bf5b97852ceb7400b47bc-le32d4.cache-3
b4920000-b4927000 r--s 00000000 08:03 2362689    /var/cache/fontconfig/6d41288fd70b0be22e8c3a91e032eec0-le32d4.cache-3
b4927000-b4932000 r--s 00000000 08:03 2362774    /var/cache/fontconfig/0f34bcd4b6ee430af32735b75db7f02b-le32d4.cache-3
b4932000-b4935000 r--s 00000000 08:03 2362794    /var/cache/fontconfig/d60319d88cac85ba9e1a07bd06cfbb8c-le32d4.cache-3
b4935000-b4936000 r--s 00000000 08:03 2362778    /var/cache/fontconfig/4794a0821666d79190d59a36cb4f44b5-le32d4.cache-3
b4936000-b493e000 r--s 00000000 08:03 2362793    /var/cache/fontconfig/d52a8644073d54c13679302ca1180695-le32d4.cache-3
b493e000-b4940000 r--s 00000000 08:03 2361895    /var/cache/fontconfig/e13b20fdb08344e0e664864cc2ede53d-le32d4.cache-3
b4940000-b4943000 r--s 00000000 08:03 2363407    /var/cache/fontconfig/7ef2298fde41cc6eeb7af42e48b7d293-le32d4.cache-3
b4943000-b4944000 r--p 00000000 08:03 2100498    /usr/share/locale-langpack/en_CA/LC_MESSAGES/glib20.mo
b4944000-b4948000 r--s 00017000 08:03 921522     /usr/local/eclipse/plugins/org.eclipse.core.commands_3.6.0.I20100512-1500.jar
b4948000-b494d000 r--s 00021000 08:03 921445     /usr/local/eclipse/plugins/org.eclipse.ui_3.6.1.M20100826-1330.jar
b494d000-b4962000 r--s 00212000 08:03 921452     /usr/local/eclipse/plugins/org.eclipse.swt.gtk.linux.x86_3.6.1.v3655c.jar
b4962000-b4963000 r--s 00004000 08:03 921641     /usr/local/eclipse/plugins/org.eclipse.swt_3.6.1.v3655c.jar
b4963000-b4978000 r--s 000f1000 08:03 921600     /usr/local/eclipse/plugins/org.eclipse.jface_3.6.1.M20100825-0800.jar
b4978000-b497a000 r--s 00001000 08:03 2632021    /usr/local/eclipse/plugins/org.eclipse.ui.workbench.compatibility_3.2.100.I20100511-0800/compatibility.jar
b497a000-b49c1000 r--s 003ab000 08:03 921684     /usr/local/eclipse/plugins/org.eclipse.ui.workbench_3.6.1.M20100826-1330.jar
b49c1000-b49c3000 r--s 0000e000 08:03 921495     /usr/local/eclipse/plugins/org.eclipse.ui.ide.application_1.0.201.M20100707-0800.jar
b49c3000-b49c6000 r--s 0000e000 08:03 921626     /usr/local/eclipse/plugins/org.eclipse.equinox.p2.core_2.0.2.R36x_v20100804.jar
b49c6000-b49c7000 r--s 00007000 08:03 921433     /usr/local/eclipse/plugins/org.eclipse.update.scheduler_3.2.300.v20100512.jar
b49c7000-b49ca000 ---p 00000000 00:00 0 
b49ca000-b4a18000 rw-p 00000000 00:00 0 
b4a18000-b4a1b000 ---p 00000000 00:00 0 
b4a1b000-b4a69000 rw-p 00000000 00:00 0 
b4a69000-b4a6c000 ---p 00000000 00:00 0 
b4a6c000-b4aba000 rw-p 00000000 00:00 0 
b4aba000-b4abd000 ---p 00000000 00:00 0 
b4abd000-b4b0b000 rw-p 00000000 00:00 0 
b4b0b000-b4b0e000 ---p 00000000 00:00 0 
b4b0e000-b4b5c000 rw-p 00000000 00:00 0 
b4b5c000-b4b5f000 ---p 00000000 00:00 0 
b4b5f000-b4bad000 rw-p 00000000 00:00 0 
b4bad000-b4bae000 ---p 00000000 00:00 0 
b4bae000-b4c2e000 rw-p 00000000 00:00 0 
b4c2e000-b4c31000 ---p 00000000 00:00 0 
b4c31000-b4c7f000 rw-p 00000000 00:00 0 
b4c7f000-b4c82000 ---p 00000000 00:00 0 
b4c82000-b4d00000 rw-p 00000000 00:00 0 
b4d00000-b4dfe000 rw-p 00000000 00:00 0 
b4dfe000-b4e00000 ---p 00000000 00:00 0 
b4e00000-b4e02000 r--s 00015000 08:03 921491     /usr/local/eclipse/plugins/org.eclipse.core.runtime.compatibility_3.2.100.v20100505.jar
b4e02000-b4e04000 r--s 00013000 08:03 921455     /usr/local/eclipse/plugins/org.eclipse.equinox.app_1.3.1.R36x_v20100803.jar
b4e04000-b4e07000 r--s 00014000 08:03 921419     /usr/local/eclipse/plugins/org.eclipse.core.jobs_3.5.1.R36x_v20100824.jar
b4e07000-b4e0a000 r--s 00019000 08:03 921663     /usr/local/eclipse/plugins/org.eclipse.equinox.preferences_3.3.0.v20100503.jar
b4e0a000-b4e0b000 r--s 00005000 08:03 921701     /usr/local/eclipse/plugins/org.eclipse.core.runtime.compatibility.auth_3.2.200.v20100517.jar
b4e0b000-b4e0c000 r--s 00002000 08:03 2232525    /usr/local/eclipse/plugins/org.eclipse.core.runtime.compatibility.registry_3.3.0.v20100520/runtime_registry_compatibility.jar
b4e0c000-b4e10000 r--s 00029000 08:03 921548     /usr/local/eclipse/plugins/org.eclipse.equinox.registry_3.5.0.v20100503.jar
b4e10000-b4e12000 r--s 00010000 08:03 921661     /usr/local/eclipse/plugins/org.eclipse.core.runtime_3.6.0.v20100505.jar
b4e12000-b4e13000 r--s 00008000 08:03 921563     /usr/local/eclipse/plugins/org.eclipse.mylyn.monitor.core_3.4.0.v20100608-0100-e3x.jar
b4e13000-b4e15000 r--s 00011000 08:03 921529     /usr/local/eclipse/plugins/org.eclipse.equinox.util_1.0.200.v20100503.jar
b4e15000-b4e17000 r--s 00008000 08:03 921567     /usr/local/eclipse/plugins/org.eclipse.equinox.simpleconfigurator_1.0.200.v20100503.jar
b4e17000-b4e19000 r--s 00006000 08:03 921505     /usr/local/eclipse/plugins/org.eclipse.equinox.event_1.2.0.v20100503.jar
b4e19000-b4e1b000 r--s 0002b000 08:03 921532     /usr/local/eclipse/plugins/org.eclipse.equinox.ds_1.2.1.R36x_v20100803.jar
b4e1b000-b4e1d000 r--s 00017000 08:03 921702     /usr/local/eclipse/plugins/org.eclipse.equinox.common_3.6.0.v20100503.jar
b4e1d000-b4e1e000 r--s 0000a000 08:03 921690     /usr/local/eclipse/plugins/org.eclipse.equinox.p2.reconciler.dropins_1.1.0.v20100525.jar
b4e1e000-b4e1f000 r--s 0000a000 08:03 921617     /usr/local/eclipse/plugins/org.apache.commons.logging_1.0.4.v200904062259.jar
b4e1f000-b4e30000 r--s 00108000 08:03 921531     /usr/local/eclipse/plugins/org.eclipse.osgi_3.6.1.R36x_v20100806.jar
b4e30000-b4e36000 r--s 000fc000 08:03 2101819    /usr/lib/jvm/java-6-openjdk/jre/lib/resources.jar
b4e36000-b4e3a000 r--s 0007c000 08:03 2101813    /usr/lib/jvm/java-6-openjdk/jre/lib/jsse.jar
b4e3a000-b4e42000 r--s 00066000 08:03 1188613    /usr/share/java/gnome-java-bridge.jar
b4e42000-b4e45000 ---p 00000000 00:00 0 
b4e45000-b4e93000 rw-p 00000000 00:00 0 
b4e93000-b4e96000 ---p 00000000 00:00 0 
b4e96000-b4ee4000 rw-p 00000000 00:00 0 
b4ee4000-b4ee7000 ---p 00000000 00:00 0 
b4ee7000-b4f35000 rw-p 00000000 00:00 0 
b4f35000-b4f36000 ---p 00000000 00:00 0 
b4f36000-b4fb6000 rw-p 00000000 00:00 0 
b4fb6000-b4fb8000 r--s 0001d000 08:03 2101818    /usr/lib/jvm/java-6-openjdk/jre/lib/plugin.jar
b4fb8000-b4fbd000 r--s 00044000 08:03 2101817    /usr/lib/jvm/java-6-openjdk/jre/lib/netx.jar
b4fbd000-b4fef000 rw-p 00000000 00:00 0 
b4fef000-b517e000 r--s 038ad000 08:03 2101144    /usr/lib/jvm/java-6-openjdk/jre/lib/rt.jar
b517e000-b51a0000 rw-p 00000000 00:00 0 
b51a0000-b520c000 rw-p 00000000 00:00 0 
b520c000-b521b000 rw-p 00000000 00:00 0 
b521b000-b528d000 rw-p 00000000 00:00 0 
b528d000-b5295000 rw-p 00000000 00:00 0 
b5295000-b52cd000 rw-p 00000000 00:00 0 
b52cd000-b52dc000 rw-p 00000000 00:00 0 
b52dc000-b534d000 rw-p 00000000 00:00 0 
b534d000-b5362000 rw-p 00000000 00:00 0 
b5362000-b53cd000 rw-p 00000000 00:00 0 
b53cd000-b53ef000 rw-p 00000000 00:00 0 
b53ef000-b5459000 rw-p 00000000 00:00 0 
b5459000-b59c1000 rwxp 00000000 00:00 0 
b59c1000-b7459000 rw-p 00000000 00:00 0 
b7459000-b74b9000 rw-s 00000000 00:04 43909130   /SYSV00000000 (deleted)
b74b9000-b74ba000 r--p 00000000 08:03 2100485    /usr/share/locale-langpack/en_CA/LC_MESSAGES/gdk-pixbuf.mo
b74ba000-b751d000 rw-p 00000000 00:00 0 
b751d000-b751e000 r--s 00007000 08:03 921425     /usr/local/eclipse/plugins/org.eclipse.equinox.p2.directorywatcher_1.0.202.R36x_v20100727.jar
b751e000-b7525000 r--s 00000000 08:03 795736     /usr/lib/gconv/gconv-modules.cache
b7525000-b7528000 r--p 00000000 08:03 2100531    /usr/share/locale-langpack/en_CA/LC_MESSAGES/gtk20-properties.mo
b7528000-b752a000 r--p 00000000 08:03 2100532    /usr/share/locale-langpack/en_CA/LC_MESSAGES/gtk20.mo
b752a000-b764a000 r--p 00178000 08:03 792361     /usr/lib/locale/locale-archive
b764a000-b784a000 r--p 00000000 08:03 792361     /usr/lib/locale/locale-archive
b784a000-b784c000 rw-p 00000000 00:00 0 
b784c000-b784e000 r--s 0000a000 08:03 921607     /usr/local/eclipse/plugins/org.eclipse.equinox.launcher_1.1.0.v20100507.jar
b784e000-b7851000 r--s 0000f000 08:03 2232588    /usr/lib/jvm/java-6-openjdk/jre/lib/ext/pulse-java.jar
b7851000-b7859000 rw-s 00000000 08:03 1837066    /tmp/hsperfdata_rob/2901
b7859000-b785a000 rw-p 00000000 00:00 0 
b785a000-b785b000 ---p 00000000 00:00 0 
b785b000-b785d000 rw-p 00000000 00:00 0 
bf7dc000-bf7df000 ---p 00000000 00:00 0 
bf7e0000-bf82c000 rw-p 00000000 00:00 0          [stack]

VM Arguments:
jvm_args: -Dosgi.requiredJavaVersion=1.5 -XX:MaxPermSize=256m -Xms40m -Xmx384m 
java_command: <unknown>
Launcher Type: generic

Environment Variables:
PATH=/usr/local/sbin:/usr/local/bin:/usr/sbin:/usr/bin:/sbin:/bin:/usr/games
USERNAME=rob
LD_LIBRARY_PATH=/usr/lib/jvm/java-6-openjdk/jre/lib/i386/client:/usr/lib/jvm/java-6-openjdk/jre/lib/i386:/usr/lib/xulrunner-addons:/usr/lib/xulrunner-addons
SHELL=/bin/bash
DISPLAY=:0.0

Signal Handlers:
SIGSEGV: [libjvm.so+0x3c7800], sa_mask[0]=0x7ffbfeff, sa_flags=0x10000004
SIGBUS: [libjvm.so+0x3c7800], sa_mask[0]=0x7ffbfeff, sa_flags=0x10000004
SIGFPE: [libjvm.so+0x2f05f0], sa_mask[0]=0x7ffbfeff, sa_flags=0x10000004
SIGPIPE: SIG_IGN, sa_mask[0]=0x00001000, sa_flags=0x10000000
SIGXFSZ: [libjvm.so+0x2f05f0], sa_mask[0]=0x7ffbfeff, sa_flags=0x10000004
SIGILL: [libjvm.so+0x2f05f0], sa_mask[0]=0x7ffbfeff, sa_flags=0x10000004
SIGUSR1: SIG_DFL, sa_mask[0]=0x00000000, sa_flags=0x00000000
SIGUSR2: [libjvm.so+0x2efce0], sa_mask[0]=0x00000000, sa_flags=0x10000004
SIGHUP: [libjvm.so+0x2f2490], sa_mask[0]=0x7ffbfeff, sa_flags=0x10000004
SIGINT: [libjvm.so+0x2f2490], sa_mask[0]=0x7ffbfeff, sa_flags=0x10000004
SIGTERM: [libjvm.so+0x2f2490], sa_mask[0]=0x7ffbfeff, sa_flags=0x10000004
SIGQUIT: [libjvm.so+0x2f2490], sa_mask[0]=0x7ffbfeff, sa_flags=0x10000004


---------------  S Y S T E M  ---------------

OS:Ubuntu 10.10 (maverick)
uname:Linux 2.6.35-22-generic #35-Ubuntu SMP Sat Oct 16 20:36:48 UTC 2010 i686
libc:glibc 2.12.1 NPTL 2.12.1 
rlimit: STACK 8192k, CORE 0k, NPROC infinity, NOFILE 1024, AS infinity
load average:0.96 0.80 0.94

CPU:total 4 (2 cores per cpu, 2 threads per core) family 6 model 28 stepping 10, cmov, cx8, fxsr, mmx, sse, sse2, sse3, ssse3, ht

Memory: 4k page, physical 2051084k(586304k free), swap 3999740k(3999740k free)

vm_info: OpenJDK Client VM (17.0-b16) for linux-x86 JRE (1.6.0_20-b20), built on Oct 20 2010 18:38:32 by "buildd" with gcc 4.4.5

time: Sun Nov  7 13:03:19 2010
elapsed time: 59 seconds

